0 verbose cli [ '/usr/local/bin/node', '/usr/local/bin/npm', 'run', 'start' ]
1 info using npm@7.13.0
2 info using node@v16.2.0
3 timing npm:load:whichnode Completed in 3ms
4 timing config:load:defaults Completed in 3ms
5 timing config:load:file:/usr/local/lib/node_modules/npm/npmrc Completed in 1ms
6 timing config:load:builtin Completed in 2ms
7 timing config:load:cli Completed in 3ms
8 timing config:load:env Completed in 0ms
9 timing config:load:project Completed in 1ms
10 timing config:load:file:/home/node/.npmrc Completed in 0ms
11 timing config:load:user Completed in 0ms
12 timing config:load:file:/usr/local/etc/npmrc Completed in 0ms
13 timing config:load:global Completed in 0ms
14 timing config:load:validate Completed in 1ms
15 timing config:load:credentials Completed in 4ms
16 timing config:load:setEnvs Completed in 1ms
17 timing config:load Completed in 17ms
18 timing npm:load:configload Completed in 17ms
19 timing npm:load:setTitle Completed in 0ms
20 timing npm:load:setupLog Completed in 1ms
21 timing npm:load:cleanupLog Completed in 5ms
22 timing npm:load:configScope Completed in 0ms
23 timing npm:load:projectScope Completed in 1ms
24 timing npm:load Completed in 29ms
25 timing config:load:flatten Completed in 7ms
26 timing command:run-script Completed in 440470ms
27 notice New minor version of npm available! 7.13.0 -> 7.15.0
27 notice Changelog: <https://github.com/npm/cli/releases/tag/v7.15.0>
27 notice Run `npm install -g npm@7.15.0` to update!
28 verbose stack Error: command failed
28 verbose stack     at ChildProcess.<anonymous> (/usr/local/lib/node_modules/npm/node_modules/@npmcli/promise-spawn/index.js:64:27)
28 verbose stack     at ChildProcess.emit (node:events:365:28)
28 verbose stack     at maybeClose (node:internal/child_process:1067:16)
28 verbose stack     at Process.ChildProcess._handle.onexit (node:internal/child_process:301:5)
29 verbose pkgid frontend@0.1.0
30 verbose cwd /home/node
31 verbose Linux 5.4.0-73-generic
32 verbose argv "/usr/local/bin/node" "/usr/local/bin/npm" "run" "start"
33 verbose node v16.2.0
34 verbose npm  v7.13.0
35 error path /home/node
36 error command failed
37 error signal SIGTERM
38 error command sh -c react-scripts start
39 verbose exit 1
